<?xml version="1.0" encoding="UTF-8"?>
<testsuite xmlns:xsi="http://www.w3.org/2001/XMLSchema-instance" xsi:noNamespaceSchemaLocation="https://maven.apache.org/surefire/maven-surefire-plugin/xsd/surefire-test-report.xsd" name="com.geolab.utils.Point2DUtilsTest" time="0.006" tests="4" errors="0" skipped="0" failures="0">
  <properties>
[...]
</properties>
  <testcase name="subtractPoints" classname="com.geolab.utils.Point2DUtilsTest" time="0"/>
  <testcase name="addPoints" classname="com.geolab.utils.Point2DUtilsTest" time="0"/>
  <testcase name="multiplyPoints" classname="com.geolab.utils.Point2DUtilsTest" time="0"/>
  <testcase name="dividePoints" classname="com.geolab.utils.Point2DUtilsTest" time="0"/>
</testsuite>